#
# A fatal error has been detected by the Java Runtime Environment:
#
#  SIGSEGV (0xb) at pc=0x00007fff8f747b5c, pid=41923, tid=6915
#
# JRE version: Java(TM) SE Runtime Environment (7.0_51-b13) (build 1.7.0_51-b13)
# Java VM: Java HotSpot(TM) 64-Bit Server VM (24.51-b03 mixed mode bsd-amd64 compressed oops)
# Problematic frame:
# C  [libsystem_platform.dylib+0x3b5c]  _platform_memmove$VARIANT$Unknown+0x5c
#
# Failed to write core dump. Core dumps have been disabled. To enable core dumping, try "ulimit -c unlimited" before starting Java again
#
# If you would like to submit a bug report, please visit:
#   http://bugreport.sun.com/bugreport/crash.jsp
# The crash happened outside the Java Virtual Machine in native code.
# See problematic frame for where to report the bug.
#

---------------  T H R E A D  ---------------

Current thread (0x00007fa9f4002800):  JavaThread "main" [_thread_in_native, id=6915, stack(0x000000010f201000,0x000000010f301000)]

siginfo:si_signo=SIGSEGV: si_errno=0, si_code=1 (SEGV_MAPERR), si_addr=0x000000011c06c000

Registers:
RAX=0x000000011c06c000, RBX=0x00007fff7ab7e570, RCX=0x0000000000000014, RDX=0x0000000000000019
RSP=0x000000010f2fe740, RBP=0x000000010f2fe740, RSI=0x00007fa9f2f69da0, RDI=0x000000011c06c000
R8 =0x5943206163697465, R9 =0x0000000000000000, R10=0x0000000058000011, R11=0xffff805729102260
R12=0x00007fa9f2f69da0, R13=0x00007fa9f2f69d70, R14=0x0000000000000039, R15=0x000000011c06c000
RIP=0x00007fff8f747b5c, EFLAGS=0x0000000000010202, ERR=0x0000000000000006
  TRAPNO=0x000000000000000e

Top of Stack: (sp=0x000000010f2fe740)
0x000000010f2fe740:   000000010f2fe780 00007fff95e5f771
0x000000010f2fe750:   00007fa9f2f69d70 0000000000001000
0x000000010f2fe760:   000000010f2fe840 0000000000000000
0x000000010f2fe770:   0000000000000039 000000010f2fe858
0x000000010f2fe780:   000000010f2fe7b0 00007fff8b222d8e
0x000000010f2fe790:   0000000000000000 00007fa9f2f1e1d0
0x000000010f2fe7a0:   000000010f2fe960 00007fa9f2d786a0
0x000000010f2fe7b0:   000000010f2fe890 00007fff8b23f448
0x000000010f2fe7c0:   000000010f2fe950 00007fff8b5b54a9
0x000000010f2fe7d0:   00007fff927ae100 000000010f2fe874
0x000000010f2fe7e0:   000000010f2fe870 0000000000000000
0x000000010f2fe7f0:   0000000000000000 00007fa9f2f1e1d8
0x000000010f2fe800:   0000000000000000 0000000000000000
0x000000010f2fe810:   000000010f2fe890 00007fff8b5b56ea
0x000000010f2fe820:   0000000000000000 0000000000000000
0x000000010f2fe830:   0000000000000007 0000000000000000
0x000000010f2fe840:   00007fff7954b600 00007fa9f2f69d70
0x000000010f2fe850:   000000010f2fe901 000000011c06c000
0x000000010f2fe860:   0000000000001000 0000000000000000
0x000000010f2fe870:   0000000000000007 0000000000000000
0x000000010f2fe880:   0000000000000000 0000000000000000
0x000000010f2fe890:   000000010f2fe990 00007fff8b22562a
0x000000010f2fe8a0:   ffffffffffffffff 00007fa9f2f368d0
0x000000010f2fe8b0:   00007fa9f2d6cf00 00007fa9f2d786a0
0x000000010f2fe8c0:   0000000000000000 00007fa9f2f28cf0
0x000000010f2fe8d0:   0000000000000000 00007fff7a4bd420
0x000000010f2fe8e0:   00007fff7a4bd380 00007fa9f2f28cf0
0x000000010f2fe8f0:   000000010f2fe940 00007fff95df3d2f
0x000000010f2fe900:   0000000000000000 0000000000000001
0x000000010f2fe910:   0000000000000155 00007fff7ab7f060
0x000000010f2fe920:   0000000000000000 00007fa9f2f28cf0
0x000000010f2fe930:   00007fff7a4bd380 000000010f2fed04 

Instructions: (pc=0x00007fff8f747b5c)
0x00007fff8f747b3c:   0f 82 5c 01 00 00 e9 79 01 00 00 48 83 fa 10 76
0x00007fff8f747b4c:   4a 0f 10 64 16 f0 48 83 ea 20 76 2d c5 fc 10 0e
0x00007fff8f747b5c:   c5 fc 11 0f 48 83 c6 20 48 83 c7 20 48 83 ea 20
0x00007fff8f747b6c:   72 14 c5 fc 10 16 c5 fc 11 17 48 83 c6 20 48 83 

Register to memory mapping:

RAX=0x000000011c06c000 is an unknown value
RBX=0x00007fff7ab7e570: OBJC_CLASS_$___NSCFData+0 in /System/Library/Frameworks/CoreFoundation.framework/Versions/A/CoreFoundation at 0x00007fff95dea000
RCX=0x0000000000000014 is an unknown value
RDX=0x0000000000000019 is an unknown value
RSP=0x000000010f2fe740 is pointing into the stack for thread: 0x00007fa9f4002800
RBP=0x000000010f2fe740 is pointing into the stack for thread: 0x00007fa9f4002800
RSI=0x00007fa9f2f69da0 is an unknown value
RDI=0x000000011c06c000 is an unknown value
R8 =0x5943206163697465 is an unknown value
R9 =0x0000000000000000 is an unknown value
R10=0x0000000058000011 is an unknown value
R11=0xffff805729102260 is an unknown value
R12=0x00007fa9f2f69da0 is an unknown value
R13=0x00007fa9f2f69d70 is an unknown value
R14=0x0000000000000039 is an unknown value
R15=0x000000011c06c000 is an unknown value


Stack: [0x000000010f201000,0x000000010f301000],  sp=0x000000010f2fe740,  free space=1013k
Native frames: (J=compiled Java code, j=interpreted, Vv=VM code, C=native code)
C  [libsystem_platform.dylib+0x3b5c]  _platform_memmove$VARIANT$Unknown+0x5c
C  [CoreFoundation+0x75771]  CFDataGetBytes+0x81
C  [libFontRegistry.dylib+0x1d8e]  TCFVMFlattenContext::TCFVMFlattenContext(void const*)+0xd8
C  [libFontRegistry.dylib+0x1e448]  TGlobalFontRegistryImp::CopyPropertiesForFontsMatchingRequest(__CFDictionary const*, __CFSet const*, TFontQueryOptions const&) const+0x26
C  [libFontRegistry.dylib+0x462a]  XTCopyFontsWithProperties+0xb8
C  [CoreText+0x1d3cb]  TDescriptorSource::CopyDescriptorsForRequest(__CFDictionary const*, __CFSet const*, CFComparisonResult (*)(void const*, void const*, void*), void*, unsigned long) const+0x305
C  [CoreText+0x1cdb7]  TDescriptor::CreateMatchingDescriptors(__CFSet const*, unsigned long) const+0xd3
C  [CoreText+0x1ccb8]  CTFontDescriptorCreateMatchingFontDescriptorsWithOptions+0x5a
C  [AppKit+0x95b01]  __NSCopyNormalizedDescriptorsForFamily+0x190
C  [AppKit+0x9551f]  -[NSFontManager availableMembersOfFontFamily:]+0x12b
C  [liblwawt.dylib+0x151b7]  Java_sun_font_CFontManager_loadNativeFonts+0x16e
j  sun.font.CFontManager.loadNativeFonts()V+0
j  sun.font.CFontManager.access$000(Lsun/font/CFontManager;)V+1
j  sun.font.CFontManager$4.run()Ljava/lang/Object;+4
v  ~StubRoutines::call_stub
V  [libjvm.dylib+0x2d6bb0]  JavaCalls::call_helper(JavaValue*, methodHandle*, JavaCallArguments*, Thread*)+0x22a
V  [libjvm.dylib+0x2d6980]  JavaCalls::call(JavaValue*, methodHandle, JavaCallArguments*, Thread*)+0x28
V  [libjvm.dylib+0x32a264]  JVM_DoPrivileged+0x411
j  java.security.AccessController.doPrivileged(Ljava/security/PrivilegedAction;)Ljava/lang/Object;+0
j  sun.font.CFontManager.loadFonts()V+19
j  sun.font.SunFontManager.findFont2D(Ljava/lang/String;II)Lsun/font/Font2D;+933
j  java.awt.Font.getFont2D()Lsun/font/Font2D;+86
j  java.awt.Font.access$000(Ljava/awt/Font;)Lsun/font/Font2D;+1
j  java.awt.Font$FontAccessImpl.getFont2D(Ljava/awt/Font;)Lsun/font/Font2D;+1
j  sun.font.FontUtilities.getFont2D(Ljava/awt/Font;)Lsun/font/Font2D;+4
j  sun.font.FontDesignMetrics.initMatrixAndMetrics()V+4
j  sun.font.FontDesignMetrics.<init>(Ljava/awt/Font;Ljava/awt/font/FontRenderContext;)V+62
j  sun.font.FontDesignMetrics.getMetrics(Ljava/awt/Font;Ljava/awt/font/FontRenderContext;)Lsun/font/FontDesignMetrics;+129
j  sun.swing.SwingUtilities2.getFontMetrics(Ljavax/swing/JComponent;Ljava/awt/Font;)Ljava/awt/FontMetrics;+15
j  javax.swing.JComponent.getFontMetrics(Ljava/awt/Font;)Ljava/awt/FontMetrics;+2
j  javax.swing.plaf.basic.BasicGraphicsUtils.getPreferredButtonSize(Ljavax/swing/AbstractButton;I)Ljava/awt/Dimension;+28
j  com.apple.laf.AquaButtonUI.getPreferredSize(Ljavax/swing/JComponent;)Ljava/awt/Dimension;+10
j  com.apple.laf.AquaButtonUI.getMinimumSize(Ljavax/swing/JComponent;)Ljava/awt/Dimension;+2
j  javax.swing.JComponent.getMinimumSize()Ljava/awt/Dimension;+26
j  javax.swing.plaf.basic.BasicOptionPaneUI.addButtonComponents(Ljava/awt/Container;[Ljava/lang/Object;I)V+242
j  javax.swing.plaf.basic.BasicOptionPaneUI.createButtonArea()Ljava/awt/Container;+103
j  com.apple.laf.AquaOptionPaneUI.createButtonArea()Ljava/awt/Container;+1
j  javax.swing.plaf.basic.BasicOptionPaneUI.installComponents()V+35
j  javax.swing.plaf.basic.BasicOptionPaneUI.installUI(Ljavax/swing/JComponent;)V+24
j  javax.swing.JComponent.setUI(Ljavax/swing/plaf/ComponentUI;)V+39
j  javax.swing.JOptionPane.setUI(Ljavax/swing/plaf/OptionPaneUI;)V+10
j  javax.swing.JOptionPane.updateUI()V+8
j  javax.swing.JOptionPane.<init>(Ljava/lang/Object;IILjavax/swing/Icon;[Ljava/lang/Object;Ljava/lang/Object;)V+52
j  javax.swing.JOptionPane.showInputDialog(Ljava/awt/Component;Ljava/lang/Object;Ljava/lang/String;ILjavax/swing/Icon;[Ljava/lang/Object;Ljava/lang/Object;)Ljava/lang/Object;+11
j  javax.swing.JOptionPane.showInputDialog(Ljava/awt/Component;Ljava/lang/Object;Ljava/lang/String;I)Ljava/lang/String;+7
j  javax.swing.JOptionPane.showInputDialog(Ljava/awt/Component;Ljava/lang/Object;)Ljava/lang/String;+9
j  javax.swing.JOptionPane.showInputDialog(Ljava/lang/Object;)Ljava/lang/String;+2
j  luceneindexer.search.SearchDBpedia.main([Ljava/lang/String;)V+39
v  ~StubRoutines::call_stub
V  [libjvm.dylib+0x2d6bb0]  JavaCalls::call_helper(JavaValue*, methodHandle*, JavaCallArguments*, Thread*)+0x22a
V  [libjvm.dylib+0x2d6980]  JavaCalls::call(JavaValue*, methodHandle, JavaCallArguments*, Thread*)+0x28
V  [libjvm.dylib+0x30a124]  jni_invoke_static(JNIEnv_*, JavaValue*, _jobject*, JNICallType, _jmethodID*, JNI_ArgumentPusher*, Thread*)+0xe6
V  [libjvm.dylib+0x3032bf]  jni_CallStaticVoidMethod+0x10b
C  [java+0x30fe]  JavaMain+0x91d
C  [libsystem_pthread.dylib+0x1899]  _pthread_body+0x8a
C  [libsystem_pthread.dylib+0x172a]  _pthread_struct_init+0x0
C  [libsystem_pthread.dylib+0x5fc9]  thread_start+0xd

Java frames: (J=compiled Java code, j=interpreted, Vv=VM code)
j  sun.font.CFontManager.loadNativeFonts()V+0
j  sun.font.CFontManager.access$000(Lsun/font/CFontManager;)V+1
j  sun.font.CFontManager$4.run()Ljava/lang/Object;+4
v  ~StubRoutines::call_stub
j  java.security.AccessController.doPrivileged(Ljava/security/PrivilegedAction;)Ljava/lang/Object;+0
j  sun.font.CFontManager.loadFonts()V+19
j  sun.font.SunFontManager.findFont2D(Ljava/lang/String;II)Lsun/font/Font2D;+933
j  java.awt.Font.getFont2D()Lsun/font/Font2D;+86
j  java.awt.Font.access$000(Ljava/awt/Font;)Lsun/font/Font2D;+1
j  java.awt.Font$FontAccessImpl.getFont2D(Ljava/awt/Font;)Lsun/font/Font2D;+1
j  sun.font.FontUtilities.getFont2D(Ljava/awt/Font;)Lsun/font/Font2D;+4
j  sun.font.FontDesignMetrics.initMatrixAndMetrics()V+4
j  sun.font.FontDesignMetrics.<init>(Ljava/awt/Font;Ljava/awt/font/FontRenderContext;)V+62
j  sun.font.FontDesignMetrics.getMetrics(Ljava/awt/Font;Ljava/awt/font/FontRenderContext;)Lsun/font/FontDesignMetrics;+129
j  sun.swing.SwingUtilities2.getFontMetrics(Ljavax/swing/JComponent;Ljava/awt/Font;)Ljava/awt/FontMetrics;+15
j  javax.swing.JComponent.getFontMetrics(Ljava/awt/Font;)Ljava/awt/FontMetrics;+2
j  javax.swing.plaf.basic.BasicGraphicsUtils.getPreferredButtonSize(Ljavax/swing/AbstractButton;I)Ljava/awt/Dimension;+28
j  com.apple.laf.AquaButtonUI.getPreferredSize(Ljavax/swing/JComponent;)Ljava/awt/Dimension;+10
j  com.apple.laf.AquaButtonUI.getMinimumSize(Ljavax/swing/JComponent;)Ljava/awt/Dimension;+2
j  javax.swing.JComponent.getMinimumSize()Ljava/awt/Dimension;+26
j  javax.swing.plaf.basic.BasicOptionPaneUI.addButtonComponents(Ljava/awt/Container;[Ljava/lang/Object;I)V+242
j  javax.swing.plaf.basic.BasicOptionPaneUI.createButtonArea()Ljava/awt/Container;+103
j  com.apple.laf.AquaOptionPaneUI.createButtonArea()Ljava/awt/Container;+1
j  javax.swing.plaf.basic.BasicOptionPaneUI.installComponents()V+35
j  javax.swing.plaf.basic.BasicOptionPaneUI.installUI(Ljavax/swing/JComponent;)V+24
j  javax.swing.JComponent.setUI(Ljavax/swing/plaf/ComponentUI;)V+39
j  javax.swing.JOptionPane.setUI(Ljavax/swing/plaf/OptionPaneUI;)V+10
j  javax.swing.JOptionPane.updateUI()V+8
j  javax.swing.JOptionPane.<init>(Ljava/lang/Object;IILjavax/swing/Icon;[Ljava/lang/Object;Ljava/lang/Object;)V+52
j  javax.swing.JOptionPane.showInputDialog(Ljava/awt/Component;Ljava/lang/Object;Ljava/lang/String;ILjavax/swing/Icon;[Ljava/lang/Object;Ljava/lang/Object;)Ljava/lang/Object;+11
j  javax.swing.JOptionPane.showInputDialog(Ljava/awt/Component;Ljava/lang/Object;Ljava/lang/String;I)Ljava/lang/String;+7
j  javax.swing.JOptionPane.showInputDialog(Ljava/awt/Component;Ljava/lang/Object;)Ljava/lang/String;+9
j  javax.swing.JOptionPane.showInputDialog(Ljava/lang/Object;)Ljava/lang/String;+2
j  luceneindexer.search.SearchDBpedia.main([Ljava/lang/String;)V+39
v  ~StubRoutines::call_stub

---------------  P R O C E S S  ---------------

Java Threads: ( => current thread )
  0x00007fa9f499f800 JavaThread "Java2D Disposer" daemon [_thread_blocked, id=48435, stack(0x000000011e922000,0x000000011ea22000)]
  0x00007fa9f303f000 JavaThread "Java2D Queue Flusher" daemon [_thread_blocked, id=47111, stack(0x000000011da16000,0x000000011db16000)]
  0x00007fa9f3872000 JavaThread "AWT-Shutdown" [_thread_blocked, id=29963, stack(0x000000011acd1000,0x000000011add1000)]
  0x00007fa9f386f000 JavaThread "AppKit Thread" daemon [_thread_in_native, id=1287, stack(0x00007fff51d9c000,0x00007fff51e1c000)]
  0x00007fa9f4828000 JavaThread "Service Thread" daemon [_thread_blocked, id=19715, stack(0x0000000118fe8000,0x00000001190e8000)]
  0x00007fa9f481f800 JavaThread "C2 CompilerThread1" daemon [_thread_blocked, id=19203, stack(0x0000000118ee5000,0x0000000118fe5000)]
  0x00007fa9f4819800 JavaThread "C2 CompilerThread0" daemon [_thread_blocked, id=18691, stack(0x0000000118de2000,0x0000000118ee2000)]
  0x00007fa9f384d000 JavaThread "Signal Dispatcher" daemon [_thread_blocked, id=18179, stack(0x0000000118cdf000,0x0000000118ddf000)]
  0x00007fa9f4012800 JavaThread "Finalizer" daemon [_thread_blocked, id=13059, stack(0x0000000118a1a000,0x0000000118b1a000)]
  0x00007fa9f3847800 JavaThread "Reference Handler" daemon [_thread_blocked, id=12547, stack(0x0000000118917000,0x0000000118a17000)]
=>0x00007fa9f4002800 JavaThread "main" [_thread_in_native, id=6915, stack(0x000000010f201000,0x000000010f301000)]

Other Threads:
  0x00007fa9f3847000 VMThread [stack: 0x0000000118814000,0x0000000118914000] [id=12035]
  0x00007fa9f480b000 WatcherThread [stack: 0x00000001190eb000,0x00000001191eb000] [id=20227]

VM state:not at safepoint (normal execution)

VM Mutex/Monitor currently owned by a thread: None

Heap
 PSYoungGen      total 38912K, used 4731K [0x00000007d5500000, 0x00000007d8000000, 0x0000000800000000)
  eden space 33792K, 14% used [0x00000007d5500000,0x00000007d599eea0,0x00000007d7600000)
  from space 5120K, 0% used [0x00000007d7b00000,0x00000007d7b00000,0x00000007d8000000)
  to   space 5120K, 0% used [0x00000007d7600000,0x00000007d7600000,0x00000007d7b00000)
 ParOldGen       total 87040K, used 0K [0x0000000780000000, 0x0000000785500000, 0x00000007d5500000)
  object space 87040K, 0% used [0x0000000780000000,0x0000000780000000,0x0000000785500000)
 PSPermGen       total 21504K, used 7293K [0x000000077ae00000, 0x000000077c300000, 0x0000000780000000)
  object space 21504K, 33% used [0x000000077ae00000,0x000000077b51f680,0x000000077c300000)

Card table byte_map: [0x00000001123c3000,0x00000001127ed000] byte_map_base: 0x000000010e7ec000

Polling page: 0x000000010e988000

Code Cache  [0x000000010f303000, 0x000000010f573000, 0x0000000112303000)
 total_blobs=366 nmethods=10 adapters=311 free_code_cache=48660Kb largest_free_block=49827008

Compilation events (10 events):
Event: 0.120 Thread 0x00007fa9f4819800 nmethod 5 0x000000010f363f50 code [0x000000010f3640c0, 0x000000010f3645e8]
Event: 0.120 Thread 0x00007fa9f4819800    7             java.lang.String::lastIndexOf (52 bytes)
Event: 0.122 Thread 0x00007fa9f481f800 nmethod 6 0x000000010f365710 code [0x000000010f365860, 0x000000010f365c98]
Event: 0.122 Thread 0x00007fa9f481f800    8             java.io.UnixFileSystem::normalize (75 bytes)
Event: 0.122 Thread 0x00007fa9f4819800 nmethod 7 0x000000010f366e50 code [0x000000010f366fa0, 0x000000010f367128]
Event: 0.126 Thread 0x00007fa9f481f800 nmethod 8 0x000000010f368510 code [0x000000010f368680, 0x000000010f3688d8]
Event: 0.333 Thread 0x00007fa9f4819800    9             java.lang.Object::<init> (1 bytes)
Event: 0.333 Thread 0x00007fa9f4819800 nmethod 9 0x000000010f377750 code [0x000000010f377880, 0x000000010f377918]
Event: 0.343 Thread 0x00007fa9f481f800   10             java.lang.String::equals (81 bytes)
Event: 0.349 Thread 0x00007fa9f481f800 nmethod 10 0x000000010f37ce50 code [0x000000010f37cfa0, 0x000000010f37d218]

GC Heap History (0 events):
No events

Deoptimization events (0 events):
No events

Internal exceptions (10 events):
Event: 0.294 Thread 0x00007fa9f4002800 Threw 0x00000007d577a468 at /HUDSON/workspace/7u-2-build-macosx-x86_64/jdk7u51/527/hotspot/src/share/vm/prims/jvm.cpp:1244
Event: 0.294 Thread 0x00007fa9f4002800 Threw 0x00000007d577ed08 at /HUDSON/workspace/7u-2-build-macosx-x86_64/jdk7u51/527/hotspot/src/share/vm/prims/jvm.cpp:1244
Event: 0.353 Thread 0x00007fa9f4002800 Threw 0x00000007d5797a60 at /HUDSON/workspace/7u-2-build-macosx-x86_64/jdk7u51/527/hotspot/src/share/vm/prims/jvm.cpp:1244
Event: 0.353 Thread 0x00007fa9f4002800 Threw 0x00000007d579c2f8 at /HUDSON/workspace/7u-2-build-macosx-x86_64/jdk7u51/527/hotspot/src/share/vm/prims/jvm.cpp:1244
Event: 0.353 Thread 0x00007fa9f4002800 Threw 0x00000007d58f6570 at /HUDSON/workspace/7u-2-build-macosx-x86_64/jdk7u51/527/hotspot/src/share/vm/prims/jvm.cpp:1244
Event: 0.353 Thread 0x00007fa9f4002800 Threw 0x00000007d58fae08 at /HUDSON/workspace/7u-2-build-macosx-x86_64/jdk7u51/527/hotspot/src/share/vm/prims/jvm.cpp:1244
Event: 0.354 Thread 0x00007fa9f4002800 Threw 0x00000007d59031a8 at /HUDSON/workspace/7u-2-build-macosx-x86_64/jdk7u51/527/hotspot/src/share/vm/prims/jvm.cpp:1244
Event: 0.354 Thread 0x00007fa9f4002800 Threw 0x00000007d5907ca0 at /HUDSON/workspace/7u-2-build-macosx-x86_64/jdk7u51/527/hotspot/src/share/vm/prims/jvm.cpp:1244
Event: 0.354 Thread 0x00007fa9f4002800 Threw 0x00000007d59104d8 at /HUDSON/workspace/7u-2-build-macosx-x86_64/jdk7u51/527/hotspot/src/share/vm/prims/jvm.cpp:1244
Event: 0.355 Thread 0x00007fa9f4002800 Threw 0x00000007d5914fd0 at /HUDSON/workspace/7u-2-build-macosx-x86_64/jdk7u51/527/hotspot/src/share/vm/prims/jvm.cpp:1244

Events (10 events):
Event: 0.465 loading class 0x00000001175c20d0 done
Event: 0.465 loading class 0x00000001175c1ef0 done
Event: 0.466 loading class 0x00000001175da0b0
Event: 0.466 loading class 0x00007fa9f4877e30
Event: 0.466 loading class 0x00007fa9f4877e30 done
Event: 0.466 loading class 0x00000001175da0b0 done
Event: 0.468 loading class 0x00007fa9f490d020
Event: 0.468 loading class 0x00007fa9f490d020 done
Event: 0.469 loading class 0x00007fa9f3882d90
Event: 0.469 loading class 0x00007fa9f3882d90 done


Dynamic libraries:
0x00000000083aa000 	/System/Library/Frameworks/Cocoa.framework/Versions/A/Cocoa
0x00000000083aa000 	/System/Library/Frameworks/Security.framework/Versions/A/Security
0x00000000083aa000 	/System/Library/Frameworks/ApplicationServices.framework/Versions/A/ApplicationServices
0x00000000083aa000 	/usr/lib/libz.1.dylib
0x00000000083aa000 	/usr/lib/libSystem.B.dylib
0x00000000083aa000 	/usr/lib/libobjc.A.dylib
0x00000000083aa000 	/System/Library/Frameworks/CoreFoundation.framework/Versions/A/CoreFoundation
0x00000000083aa000 	/System/Library/Frameworks/Foundation.framework/Versions/C/Foundation
0x00000000083aa000 	/System/Library/Frameworks/AppKit.framework/Versions/C/AppKit
0x00000000083aa000 	/System/Library/Frameworks/CoreData.framework/Versions/A/CoreData
0x00000000083aa000 	/System/Library/PrivateFrameworks/RemoteViewServices.framework/Versions/A/RemoteViewServices
0x00000000083aa000 	/System/Library/Frameworks/AudioToolbox.framework/Versions/A/AudioToolbox
0x00000000083aa000 	/System/Library/Frameworks/AudioUnit.framework/Versions/A/AudioUnit
0x00000000083aa000 	/System/Library/PrivateFrameworks/DataDetectorsCore.framework/Versions/A/DataDetectorsCore
0x00000000083aa000 	/System/Library/PrivateFrameworks/DesktopServicesPriv.framework/Versions/A/DesktopServicesPriv
0x00000000083aa000 	/System/Library/Frameworks/Carbon.framework/Versions/A/Frameworks/HIToolbox.framework/Versions/A/HIToolbox
0x00000000083aa000 	/System/Library/Frameworks/QuartzCore.framework/Versions/A/QuartzCore
0x00000000083aa000 	/System/Library/Frameworks/Carbon.framework/Versions/A/Frameworks/SpeechRecognition.framework/Versions/A/SpeechRecognition
0x00000000083aa000 	/usr/lib/libauto.dylib
0x00000000083aa000 	/usr/lib/libicucore.A.dylib
0x00000000083aa000 	/usr/lib/libxml2.2.dylib
0x00000000083aa000 	/System/Library/PrivateFrameworks/CoreUI.framework/Versions/A/CoreUI
0x00000000083aa000 	/System/Library/Frameworks/CoreAudio.framework/Versions/A/CoreAudio
0x00000000083aa000 	/System/Library/Frameworks/DiskArbitration.framework/Versions/A/DiskArbitration
0x00000000083aa000 	/usr/lib/liblangid.dylib
0x00000000083aa000 	/System/Library/PrivateFrameworks/MultitouchSupport.framework/Versions/A/MultitouchSupport
0x00000000083aa000 	/System/Library/Frameworks/IOKit.framework/Versions/A/IOKit
0x00000000083aa000 	/usr/lib/libDiagnosticMessagesClient.dylib
0x00000000083aa000 	/System/Library/Frameworks/CoreServices.framework/Versions/A/CoreServices
0x00000000083aa000 	/System/Library/PrivateFrameworks/PerformanceAnalysis.framework/Versions/A/PerformanceAnalysis
0x00000000083aa000 	/System/Library/PrivateFrameworks/GenerationalStorage.framework/Versions/A/GenerationalStorage
0x00000000083aa000 	/System/Library/Frameworks/OpenGL.framework/Versions/A/OpenGL
0x00000000083aa000 	/System/Library/PrivateFrameworks/Sharing.framework/Versions/A/Sharing
0x00000000083aa000 	/System/Library/Frameworks/ImageIO.framework/Versions/A/ImageIO
0x00000000083aa000 	/System/Library/Frameworks/CoreText.framework/Versions/A/CoreText
0x00000000083aa000 	/System/Library/Frameworks/CoreGraphics.framework/Versions/A/CoreGraphics
0x00000000083aa000 	/System/Library/PrivateFrameworks/Backup.framework/Versions/A/Backup
0x00000000083aa000 	/System/Library/Frameworks/CFNetwork.framework/Versions/A/CFNetwork
0x00000000083aa000 	/System/Library/Frameworks/SystemConfiguration.framework/Versions/A/SystemConfiguration
0x00000000083aa000 	/usr/lib/libCRFSuite.dylib
0x00000000083aa000 	/usr/lib/libc++.1.dylib
0x00000000083aa000 	/usr/lib/libc++abi.dylib
0x00000000083aa000 	/usr/lib/system/libcache.dylib
0x00000000083aa000 	/usr/lib/system/libcommonCrypto.dylib
0x00000000083aa000 	/usr/lib/system/libcompiler_rt.dylib
0x00000000083aa000 	/usr/lib/system/libcopyfile.dylib
0x00000000083aa000 	/usr/lib/system/libcorecrypto.dylib
0x00000000083aa000 	/usr/lib/system/libdispatch.dylib
0x00000000083aa000 	/usr/lib/system/libdyld.dylib
0x00000000083aa000 	/usr/lib/system/libkeymgr.dylib
0x00000000083aa000 	/usr/lib/system/liblaunch.dylib
0x00000000083aa000 	/usr/lib/system/libmacho.dylib
0x00000000083aa000 	/usr/lib/system/libquarantine.dylib
0x00000000083aa000 	/usr/lib/system/libremovefile.dylib
0x00000000083aa000 	/usr/lib/system/libsystem_asl.dylib
0x00000000083aa000 	/usr/lib/system/libsystem_blocks.dylib
0x00000000083aa000 	/usr/lib/system/libsystem_c.dylib
0x00000000083aa000 	/usr/lib/system/libsystem_configuration.dylib
0x00000000083aa000 	/usr/lib/system/libsystem_dnssd.dylib
0x00000000083aa000 	/usr/lib/system/libsystem_info.dylib
0x00000000083aa000 	/usr/lib/system/libsystem_kernel.dylib
0x00000000083aa000 	/usr/lib/system/libsystem_m.dylib
0x00000000083aa000 	/usr/lib/system/libsystem_malloc.dylib
0x00000000083aa000 	/usr/lib/system/libsystem_network.dylib
0x00000000083aa000 	/usr/lib/system/libsystem_notify.dylib
0x00000000083aa000 	/usr/lib/system/libsystem_platform.dylib
0x00000000083aa000 	/usr/lib/system/libsystem_pthread.dylib
0x00000000083aa000 	/usr/lib/system/libsystem_sandbox.dylib
0x00000000083aa000 	/usr/lib/system/libsystem_stats.dylib
0x00000000083aa000 	/usr/lib/system/libunc.dylib
0x00000000083aa000 	/usr/lib/system/libunwind.dylib
0x00000000083aa000 	/usr/lib/system/libxpc.dylib
0x00000000083aa000 	/usr/lib/libbsm.0.dylib
0x00000000083aa000 	/usr/lib/libsqlite3.dylib
0x00000000083aa000 	/usr/lib/libxar.1.dylib
0x00000000083aa000 	/usr/lib/libpam.2.dylib
0x00000000083aa000 	/usr/lib/libOpenScriptingUtil.dylib
0x00000000083aa000 	/usr/lib/libbz2.1.0.dylib
0x00000000083aa000 	/System/Library/Frameworks/CoreServices.framework/Versions/A/Frameworks/CarbonCore.framework/Versions/A/CarbonCore
0x00000000083aa000 	/System/Library/Frameworks/CoreServices.framework/Versions/A/Frameworks/Metadata.framework/Versions/A/Metadata
0x00000000083aa000 	/System/Library/Frameworks/CoreServices.framework/Versions/A/Frameworks/OSServices.framework/Versions/A/OSServices
0x00000000083aa000 	/System/Library/Frameworks/CoreServices.framework/Versions/A/Frameworks/SearchKit.framework/Versions/A/SearchKit
0x00000000083aa000 	/System/Library/Frameworks/CoreServices.framework/Versions/A/Frameworks/AE.framework/Versions/A/AE
0x00000000083aa000 	/System/Library/Frameworks/CoreServices.framework/Versions/A/Frameworks/LaunchServices.framework/Versions/A/LaunchServices
0x00000000083aa000 	/System/Library/Frameworks/CoreServices.framework/Versions/A/Frameworks/DictionaryServices.framework/Versions/A/DictionaryServices
0x00000000083aa000 	/System/Library/Frameworks/NetFS.framework/Versions/A/NetFS
0x00000000083aa000 	/usr/lib/system/libkxld.dylib
0x00000000083aa000 	/System/Library/PrivateFrameworks/NetAuth.framework/Versions/A/NetAuth
0x00000000083aa000 	/System/Library/PrivateFrameworks/TCC.framework/Versions/A/TCC
0x00000000083aa000 	/System/Library/Frameworks/OpenDirectory.framework/Versions/A/Frameworks/CFOpenDirectory.framework/Versions/A/CFOpenDirectory
0x00000000083aa000 	/System/Library/Frameworks/ServiceManagement.framework/Versions/A/ServiceManagement
0x00000000083aa000 	/usr/lib/libxslt.1.dylib
0x00000000083aa000 	/System/Library/Frameworks/Carbon.framework/Versions/A/Frameworks/Ink.framework/Versions/A/Ink
0x00000000083aa000 	/System/Library/Frameworks/ApplicationServices.framework/Versions/A/Frameworks/ATS.framework/Versions/A/ATS
0x00000000083aa000 	/System/Library/Frameworks/ApplicationServices.framework/Versions/A/Frameworks/ColorSync.framework/Versions/A/ColorSync
0x00000000083aa000 	/System/Library/Frameworks/ApplicationServices.framework/Versions/A/Frameworks/HIServices.framework/Versions/A/HIServices
0x00000000083aa000 	/System/Library/Frameworks/ApplicationServices.framework/Versions/A/Frameworks/LangAnalysis.framework/Versions/A/LangAnalysis
0x00000000083aa000 	/System/Library/Frameworks/ApplicationServices.framework/Versions/A/Frameworks/PrintCore.framework/Versions/A/PrintCore
0x00000000083aa000 	/System/Library/Frameworks/ApplicationServices.framework/Versions/A/Frameworks/QD.framework/Versions/A/QD
0x00000000083aa000 	/System/Library/Frameworks/ApplicationServices.framework/Versions/A/Frameworks/SpeechSynthesis.framework/Versions/A/SpeechSynthesis
0x00000000083aa000 	/System/Library/Frameworks/IOSurface.framework/Versions/A/IOSurface
0x00000000083aa000 	/System/Library/Frameworks/Accelerate.framework/Versions/A/Accelerate
0x00000000083aa000 	/System/Library/Frameworks/Accelerate.framework/Versions/A/Frameworks/vImage.framework/Versions/A/vImage
0x00000000083aa000 	/System/Library/Frameworks/Accelerate.framework/Versions/A/Frameworks/vecLib.framework/Versions/A/vecLib
0x00000000083aa000 	/System/Library/Frameworks/Accelerate.framework/Versions/A/Frameworks/vecLib.framework/Versions/A/libvDSP.dylib
0x00000000083aa000 	/System/Library/Frameworks/Accelerate.framework/Versions/A/Frameworks/vecLib.framework/Versions/A/libvMisc.dylib
0x00000000083aa000 	/System/Library/Frameworks/Accelerate.framework/Versions/A/Frameworks/vecLib.framework/Versions/A/libLAPACK.dylib
0x00000000083aa000 	/System/Library/Frameworks/Accelerate.framework/Versions/A/Frameworks/vecLib.framework/Versions/A/libBLAS.dylib
0x00000000083aa000 	/System/Library/Frameworks/ApplicationServices.framework/Versions/A/Frameworks/ATS.framework/Versions/A/Resources/libFontParser.dylib
0x00000000083aa000 	/System/Library/Frameworks/ApplicationServices.framework/Versions/A/Frameworks/ATS.framework/Versions/A/Resources/libFontRegistry.dylib
0x00000000083aa000 	/System/Library/Frameworks/ImageIO.framework/Versions/A/Resources/libJPEG.dylib
0x00000000083aa000 	/System/Library/Frameworks/ImageIO.framework/Versions/A/Resources/libTIFF.dylib
0x00000000083aa000 	/System/Library/Frameworks/ImageIO.framework/Versions/A/Resources/libPng.dylib
0x00000000083aa000 	/System/Library/Frameworks/ImageIO.framework/Versions/A/Resources/libGIF.dylib
0x00000000083aa000 	/System/Library/Frameworks/ImageIO.framework/Versions/A/Resources/libJP2.dylib
0x00000000083aa000 	/System/Library/Frameworks/ImageIO.framework/Versions/A/Resources/libRadiance.dylib
0x00000000083aa000 	/usr/lib/libcups.2.dylib
0x00000000083aa000 	/System/Library/Frameworks/Kerberos.framework/Versions/A/Kerberos
0x00000000083aa000 	/System/Library/Frameworks/GSS.framework/Versions/A/GSS
0x00000000083aa000 	/usr/lib/libresolv.9.dylib
0x00000000083aa000 	/usr/lib/libiconv.2.dylib
0x00000000083aa000 	/System/Library/PrivateFrameworks/Heimdal.framework/Versions/A/Heimdal
0x00000000083aa000 	/System/Library/PrivateFrameworks/TrustEvaluationAgent.framework/Versions/A/TrustEvaluationAgent
0x00000000083aa000 	/usr/lib/libheimdal-asn1.dylib
0x00000000083aa000 	/System/Library/Frameworks/OpenDirectory.framework/Versions/A/OpenDirectory
0x00000000083aa000 	/System/Library/PrivateFrameworks/CommonAuth.framework/Versions/A/CommonAuth
0x00000000083aa000 	/System/Library/Frameworks/SecurityFoundation.framework/Versions/A/SecurityFoundation
0x00000000083aa000 	/System/Library/PrivateFrameworks/Bom.framework/Versions/A/Bom
0x00000000083aa000 	/System/Library/Frameworks/CoreVideo.framework/Versions/A/CoreVideo
0x00000000083aa000 	/System/Library/Frameworks/QuartzCore.framework/Versions/A/Frameworks/CoreImage.framework/Versions/A/CoreImage
0x00000000083aa000 	/System/Library/Frameworks/QuartzCore.framework/Versions/A/Frameworks/ScalableUserInterface.framework/Versions/A/ScalableUserInterface
0x00000000083aa000 	/System/Library/Frameworks/OpenGL.framework/Versions/A/Libraries/libGLU.dylib
0x00000000083aa000 	/System/Library/Frameworks/OpenGL.framework/Versions/A/Libraries/libGFXShared.dylib
0x00000000083aa000 	/System/Library/Frameworks/OpenGL.framework/Versions/A/Libraries/libGL.dylib
0x00000000083aa000 	/System/Library/Frameworks/OpenGL.framework/Versions/A/Libraries/libGLImage.dylib
0x00000000083aa000 	/System/Library/Frameworks/OpenGL.framework/Versions/A/Libraries/libCVMSPluginSupport.dylib
0x00000000083aa000 	/System/Library/Frameworks/OpenGL.framework/Versions/A/Libraries/libCoreVMClient.dylib
0x00000000083aa000 	/System/Library/PrivateFrameworks/FaceCore.framework/Versions/A/FaceCore
0x00000000083aa000 	/System/Library/PrivateFrameworks/CrashReporterSupport.framework/Versions/A/CrashReporterSupport
0x00000000083aa000 	/System/Library/Frameworks/OpenCL.framework/Versions/A/OpenCL
0x00000000083aa000 	/System/Library/PrivateFrameworks/AppleFSCompression.framework/Versions/A/AppleFSCompression
0x00000000083aa000 	/System/Library/PrivateFrameworks/Ubiquity.framework/Versions/A/Ubiquity
0x00000000083aa000 	/System/Library/PrivateFrameworks/IconServices.framework/Versions/A/IconServices
0x00000000083aa000 	/System/Library/PrivateFrameworks/ChunkingLibrary.framework/Versions/A/ChunkingLibrary
0x00000000083aa000 	/System/Library/PrivateFrameworks/CoreSymbolication.framework/Versions/A/CoreSymbolication
0x00000000083aa000 	/System/Library/PrivateFrameworks/Symbolication.framework/Versions/A/Symbolication
0x00000000083aa000 	/System/Library/PrivateFrameworks/DebugSymbols.framework/Versions/A/DebugSymbols
0x000000010dee2000 	/Library/Java/JavaVirtualMachines/jdk1.7.0_51.jdk/Contents/Home/jre/lib/server/libjvm.dylib
0x00000000083aa000 	/usr/lib/libstdc++.6.dylib
0x000000010e94b000 	/Library/Java/JavaVirtualMachines/jdk1.7.0_51.jdk/Contents/Home/jre/lib/libverify.dylib
0x000000010e958000 	/Library/Java/JavaVirtualMachines/jdk1.7.0_51.jdk/Contents/Home/jre/lib/libjava.dylib
0x000000010e992000 	/Library/Java/JavaVirtualMachines/jdk1.7.0_51.jdk/Contents/Home/jre/lib/libzip.dylib
0x0000000118b1c000 	/System/Library/Frameworks/JavaVM.framework/Frameworks/JavaRuntimeSupport.framework/JavaRuntimeSupport
0x0000000118b34000 	/System/Library/Frameworks/JavaVM.framework/Versions/A/Frameworks/JavaNativeFoundation.framework/Versions/A/JavaNativeFoundation
0x000000010e9ef000 	/System/Library/Frameworks/JavaVM.framework/Versions/A/JavaVM
0x00000000083aa000 	/System/Library/Frameworks/Carbon.framework/Versions/A/Carbon
0x0000000118b49000 	/System/Library/PrivateFrameworks/JavaLaunching.framework/Versions/A/JavaLaunching
0x00000000083aa000 	/System/Library/Frameworks/Carbon.framework/Versions/A/Frameworks/CommonPanels.framework/Versions/A/CommonPanels
0x00000000083aa000 	/System/Library/Frameworks/Carbon.framework/Versions/A/Frameworks/Help.framework/Versions/A/Help
0x00000000083aa000 	/System/Library/Frameworks/Carbon.framework/Versions/A/Frameworks/ImageCapture.framework/Versions/A/ImageCapture
0x00000000083aa000 	/System/Library/Frameworks/Carbon.framework/Versions/A/Frameworks/OpenScripting.framework/Versions/A/OpenScripting
0x00000000083aa000 	/System/Library/Frameworks/Carbon.framework/Versions/A/Frameworks/Print.framework/Versions/A/Print
0x00000000083aa000 	/System/Library/Frameworks/Carbon.framework/Versions/A/Frameworks/SecurityHI.framework/Versions/A/SecurityHI
0x0000000119343000 	/Library/Java/JavaVirtualMachines/jdk1.7.0_51.jdk/Contents/Home/jre/lib/libawt.dylib
0x00000001193f2000 	/Library/Java/JavaVirtualMachines/jdk1.7.0_51.jdk/Contents/Home/jre/lib/./libmlib_image.dylib
0x00000001194be000 	/Library/Java/JavaVirtualMachines/jdk1.7.0_51.jdk/Contents/Home/jre/lib/lwawt/liblwawt.dylib
0x0000000119572000 	/Library/Java/JavaVirtualMachines/jdk1.7.0_51.jdk/Contents/Home/jre/lib/libosxapp.dylib
0x00000000083aa000 	/System/Library/Frameworks/ExceptionHandling.framework/Versions/A/ExceptionHandling
0x00000000083aa000 	/System/Library/PrivateFrameworks/CoreServicesInternal.framework/Versions/A/CoreServicesInternal
0x00000000083aa000 	/System/Library/PrivateFrameworks/Librarian.framework/Versions/A/Librarian
0x000000011add4000 	/System/Library/Frameworks/CoreGraphics.framework/Versions/A/Resources/libCGCMS.A.dylib
0x000000011ade5000 	/System/Library/Frameworks/CoreGraphics.framework/Versions/A/Resources/libRIP.A.dylib
0x000000011aea6000 	/System/Library/Frameworks/CoreGraphics.framework/Versions/A/Resources/libCGXType.A.dylib
0x00000000083aa000 	/System/Library/PrivateFrameworks/FamilyControls.framework/Versions/A/FamilyControls
0x00000000083aa000 	/System/Library/PrivateFrameworks/CommerceKit.framework/Versions/A/Frameworks/CommerceCore.framework/Versions/A/CommerceCore
0x00000000083aa000 	/System/Library/PrivateFrameworks/SystemAdministration.framework/Versions/A/SystemAdministration
0x00000000083aa000 	/System/Library/Frameworks/DirectoryService.framework/Versions/A/DirectoryService
0x00000000083aa000 	/System/Library/PrivateFrameworks/DiskImages.framework/Versions/A/DiskImages
0x00000000083aa000 	/System/Library/PrivateFrameworks/LoginUIKit.framework/Versions/A/Frameworks/LoginUICore.framework/Versions/A/LoginUICore
0x00000000083aa000 	/usr/lib/libCoreStorage.dylib
0x00000000083aa000 	/usr/lib/libcsfde.dylib
0x00000000083aa000 	/usr/lib/libodfde.dylib
0x00000000083aa000 	/System/Library/Frameworks/DiscRecording.framework/Versions/A/DiscRecording
0x00000000083aa000 	/usr/lib/libcurl.4.dylib
0x00000000083aa000 	/System/Library/PrivateFrameworks/MediaKit.framework/Versions/A/MediaKit
0x00000000083aa000 	/System/Library/PrivateFrameworks/EFILogin.framework/Versions/A/EFILogin
0x00000000083aa000 	/usr/lib/libutil.dylib
0x00000000083aa000 	/System/Library/PrivateFrameworks/AOSNotification.framework/Versions/A/AOSNotification
0x00000000083aa000 	/System/Library/Frameworks/LDAP.framework/Versions/A/LDAP
0x00000000083aa000 	/usr/lib/libsasl2.2.dylib
0x00000000083aa000 	/usr/lib/libcrypto.0.9.8.dylib
0x00000000083aa000 	/usr/lib/libssl.0.9.8.dylib
0x000000011d9ae000 	/Library/Java/JavaVirtualMachines/jdk1.7.0_51.jdk/Contents/Home/jre/lib/libfontmanager.dylib
0x000000011aec1000 	/Library/Java/JavaVirtualMachines/jdk1.7.0_51.jdk/Contents/Home/jre/lib/libosxui.dylib
0x000000011db18000 	/System/Library/Frameworks/OpenGL.framework/Resources/GLEngine.bundle/GLEngine
0x00000000083aa000 	/System/Library/Frameworks/OpenGL.framework/Versions/A/Libraries/libGLProgrammability.dylib
0x0000000000000000 	/System/Library/Extensions/AppleIntelHD5000GraphicsGLDriver.bundle/Contents/MacOS/AppleIntelHD5000GraphicsGLDriver
0x00000000083aa000 	/System/Library/PrivateFrameworks/IOAccelerator.framework/Versions/A/IOAccelerator
0x00000000083aa000 	/System/Library/PrivateFrameworks/GPUSupport.framework/Versions/A/Libraries/libGPUSupportMercury.dylib
0x000000011e0df000 	/System/Library/Frameworks/OpenGL.framework/Resources//GLRendererFloat.bundle/GLRendererFloat
0x00000000083aa000 	/System/Library/Frameworks/OpenCL.framework/Versions/A/Libraries/libcldcpuengine.dylib
0x000000011f13e000 	/Library/Java/JavaVirtualMachines/jdk1.7.0_51.jdk/Contents/Home/jre/lib/libnet.dylib
0x000000011f19b000 	/Library/Java/JavaVirtualMachines/jdk1.7.0_51.jdk/Contents/Home/jre/lib/libnio.dylib

VM Arguments:
jvm_args: -Dfile.encoding=UTF-8 
java_command: luceneindexer.search.SearchDBpedia
Launcher Type: SUN_STANDARD

Environment Variables:
PATH=/usr/bin:/bin:/usr/sbin:/sbin
SHELL=/bin/bash

Signal Handlers:
SIGSEGV: [libjvm.dylib+0x525425], sa_mask[0]=0xfffefeff, sa_flags=0x00000043
SIGBUS: [libjvm.dylib+0x525425], sa_mask[0]=0xfffefeff, sa_flags=0x00000042
SIGFPE: [libjvm.dylib+0x41892a], sa_mask[0]=0xfffefeff, sa_flags=0x00000042
SIGPIPE: [libjvm.dylib+0x41892a], sa_mask[0]=0xfffefeff, sa_flags=0x00000042
SIGXFSZ: [libjvm.dylib+0x41892a], sa_mask[0]=0xfffefeff, sa_flags=0x00000042
SIGILL: [libjvm.dylib+0x41892a], sa_mask[0]=0xfffefeff, sa_flags=0x00000042
SIGUSR1: SIG_DFL, sa_mask[0]=0x00000000, sa_flags=0x00000002
SIGUSR2: [libjvm.dylib+0x41841c], sa_mask[0]=0x00000004, sa_flags=0x00000042
SIGHUP: [libjvm.dylib+0x4166ab], sa_mask[0]=0xfffefeff, sa_flags=0x00000042
SIGINT: [libjvm.dylib+0x4166ab], sa_mask[0]=0xfffefeff, sa_flags=0x00000042
SIGTERM: [libjvm.dylib+0x4166ab], sa_mask[0]=0xfffefeff, sa_flags=0x00000042
SIGQUIT: [libjvm.dylib+0x4166ab], sa_mask[0]=0xfffefeff, sa_flags=0x00000042


---------------  S Y S T E M  ---------------

OS:Bsduname:Darwin 13.1.0 Darwin Kernel Version 13.1.0: Thu Jan 16 19:40:37 PST 2014; root:xnu-2422.90.20~2/RELEASE_X86_64 x86_64
rlimit: STACK 8192k, CORE 0k, NPROC 709, NOFILE 10240, AS infinity
load average:1.58 1.64 1.65

CPU:total 4 (2 cores per cpu, 2 threads per core) family 6 model 69 stepping 1, cmov, cx8, fxsr, mmx, sse, sse2, sse3, ssse3, sse4.1, sse4.2, popcnt, avx, avx2, aes, erms, ht, tsc, tscinvbit

Memory: 4k page, physical 8388608k(2097152k free)

/proc/meminfo:


vm_info: Java HotSpot(TM) 64-Bit Server VM (24.51-b03) for bsd-amd64 JRE (1.7.0_51-b13), built on Dec 18 2013 18:45:56 by "java_re" with gcc 4.2.1 (Based on Apple Inc. build 5658) (LLVM build 2336.11.00)

time: Mon Mar 24 09:29:08 2014
elapsed time: 0 seconds

